[2022-06-20T10:31:56.696] [DEBUG] cheese - login => username:admin,password:123456

[2022-06-20T10:38:02.138] [DEBUG] cheese - login => username:admin,password:123456
[2022-06-20T10:38:02.138] [DEBUG] cheese - admin
[2022-06-20T10:38:02.152] [DEBUG] cheese - null
[2022-06-20T10:38:02.152] [DEBUG] cheese - null
[2022-06-20T10:38:23.046] [DEBUG] cheese - login => username:admin,password:123456
[2022-06-20T10:38:23.047] [DEBUG] cheese - admin
[2022-06-20T10:38:23.048] [DEBUG] cheese - null
[2022-06-20T10:39:06.707] [DEBUG] cheese - login => username:admin,password:123456
[2022-06-20T10:39:06.710] [DEBUG] cheese - admin
[2022-06-20T10:39:06.720] [DEBUG] cheese - null
[2022-06-20T10:42:36.160] [DEBUG] cheese - login => username:admin,password:123456
[2022-06-20T10:42:36.164] [DEBUG] cheese - admin
[2022-06-20T10:42:36.176] [DEBUG] cheese - null
[2022-06-20T10:42:36.177] [DEBUG] cheese - null
[2022-06-20T10:44:25.220] [DEBUG] cheese - login => username:admin,password:123
[2022-06-20T10:44:25.221] [DEBUG] cheese - admin
[2022-06-20T10:44:25.224] [DEBUG] cheese - null
[2022-06-20T10:44:25.224] [DEBUG] cheese - null
[2022-06-20T10:44:28.474] [DEBUG] cheese - login => username:admin,password:123456
[2022-06-20T10:44:28.474] [DEBUG] cheese - admin
[2022-06-20T10:44:28.476] [DEBUG] cheese - null
[2022-06-20T10:44:28.476] [DEBUG] cheese - null
[2022-06-20T10:45:07.272] [DEBUG] cheese - login => username:liken,password:123456
[2022-06-20T10:45:07.272] [DEBUG] cheese - liken
[2022-06-20T10:45:07.274] [DEBUG] cheese - null
[2022-06-20T10:45:07.274] [DEBUG] cheese - null
[2022-06-20T10:45:17.973] [DEBUG] cheese - login => username:linken,password:123456
[2022-06-20T10:45:17.973] [DEBUG] cheese - linken
[2022-06-20T10:45:17.975] [DEBUG] cheese - null
[2022-06-20T10:45:17.975] [DEBUG] cheese - null
[2022-06-20T10:45:41.479] [DEBUG] cheese - login => username:linken,password:123456
[2022-06-20T10:45:41.479] [DEBUG] cheese - linken
[2022-06-20T10:45:41.481] [DEBUG] cheese - null
[2022-06-20T10:45:41.481] [DEBUG] cheese - null
[2022-06-20T16:53:51.731] [DEBUG] cheese - login => username:admin,password:123456
[2022-06-20T16:53:51.734] [DEBUG] cheese - admin
[2022-06-20T16:53:51.756] [DEBUG] cheese - null
[2022-06-20T16:53:51.757] [DEBUG] cheese - null
[2022-06-20T16:55:12.360] [DEBUG] cheese - login => username:admin,password:123456
[2022-06-20T16:55:12.360] [DEBUG] cheese - admin
[2022-06-20T16:55:12.363] [DEBUG] cheese - null
[2022-06-20T16:55:12.364] [DEBUG] cheese - null
[2022-06-20T16:56:16.999] [DEBUG] cheese - login => username:admin,password:123456
[2022-06-20T16:56:16.999] [DEBUG] cheese - admin
[2022-06-20T16:56:17.001] [DEBUG] cheese - null
[2022-06-20T16:56:17.001] [DEBUG] cheese - null
[2022-06-20T16:57:53.310] [DEBUG] cheese - login => username:admin,password:123456
[2022-06-20T16:57:53.310] [DEBUG] cheese - admin
[2022-06-20T16:57:53.314] [DEBUG] cheese - null
[2022-06-20T16:57:53.314] [DEBUG] cheese - null
[2022-06-20T18:57:56.138] [DEBUG] cheese - login => username:admin,password:123456
[2022-06-20T18:57:56.141] [DEBUG] cheese - admin
[2022-06-20T18:57:56.162] [DEBUG] cheese - null
[2022-06-20T18:57:56.163] [DEBUG] cheese - null
[2022-06-20T18:57:58.488] [DEBUG] cheese - login => username:admi,password:123456
[2022-06-20T18:57:58.488] [DEBUG] cheese - admi
[2022-06-20T18:57:58.490] [DEBUG] cheese - null
[2022-06-20T18:57:58.490] [DEBUG] cheese - null
[2022-06-20T19:01:24.196] [DEBUG] cheese - login => username:admin,password:123456
[2022-06-20T19:01:24.196] [DEBUG] cheese - admin
[2022-06-20T19:01:24.198] [DEBUG] cheese - null
[2022-06-20T19:01:24.199] [DEBUG] cheese - null
[2022-06-20T19:01:29.221] [DEBUG] cheese - login => username:admi,password:123456
[2022-06-20T19:01:29.221] [DEBUG] cheese - admi
[2022-06-20T19:01:29.223] [DEBUG] cheese - null
[2022-06-20T19:01:29.223] [DEBUG] cheese - null
[2022-06-20T19:05:18.846] [DEBUG] cheese - login => username:admin,password:123456
[2022-06-20T19:05:18.846] [DEBUG] cheese - admin
[2022-06-20T19:05:18.848] [DEBUG] cheese - null
[2022-06-20T19:05:18.848] [DEBUG] cheese - null
[2022-06-20T19:12:28.848] [DEBUG] cheese - login => username:admin,password:123456
[2022-06-20T19:12:28.848] [DEBUG] cheese - admin
[2022-06-20T19:12:28.850] [DEBUG] cheese - null
[2022-06-20T19:12:28.850] [DEBUG] cheese - null
[2022-06-20T19:12:46.504] [DEBUG] cheese - login => username:admin,password:123456
[2022-06-20T19:12:46.504] [DEBUG] cheese - admin
[2022-06-20T19:12:46.507] [DEBUG] cheese - null
[2022-06-20T19:12:46.507] [DEBUG] cheese - null
[2022-06-20T19:13:33.603] [DEBUG] cheese - login => username:admin,password:123456
[2022-06-20T19:13:33.603] [DEBUG] cheese - admin
[2022-06-20T19:13:33.606] [DEBUG] cheese - null
[2022-06-20T19:13:33.606] [DEBUG] cheese - null
[2022-06-20T19:20:37.337] [DEBUG] cheese - login => username:admin,password:123456
[2022-06-20T19:20:37.337] [DEBUG] cheese - admin
[2022-06-20T19:20:37.340] [DEBUG] cheese - null
[2022-06-20T19:20:37.340] [DEBUG] cheese - null
[2022-06-20T19:23:04.612] [DEBUG] cheese - login => username:admin,password:123456
[2022-06-20T19:23:04.612] [DEBUG] cheese - admin
[2022-06-20T19:23:04.614] [DEBUG] cheese - null
[2022-06-20T19:23:04.615] [DEBUG] cheese - null
